Log file open, 06/08/19 10:26:19
LogWindows: Failed to load 'aqProf.dll' (GetLastError=126)
LogWindows: File 'aqProf.dll' does not exist
LogWindows: Failed to load 'VtuneApi.dll' (GetLastError=126)
LogWindows: File 'VtuneApi.dll' does not exist
LogWindows: Failed to load 'VtuneApi32e.dll' (GetLastError=126)
LogWindows: File 'VtuneApi32e.dll' does not exist
LogConsoleResponse: Display: Failed to find resolution value strings in scalability ini. Falling back to default.
LogInit: Display: Running engine for game: Energy
LogPakFile: Registered encryption key '00000000000000000000000000000000': 0 pak files mounted, 0 remain pending
LogPlatformFile: Not using cached read wrapper
LogTaskGraph: Started task graph with 5 named threads and 11 total threads with 3 sets of task threads.
LogStats: Stats thread started at 0.225970
LogD3D11RHI: Loaded GFSDK_Aftermath_Lib.x64.dll
LogICUInternationalization: ICU TimeZone Detection - Raw Offset: +2:00, Platform Override: ''
LogPluginManager: Mounting plugin Paper2D
LogPluginManager: Mounting plugin AISupport
LogPluginManager: Mounting plugin LightPropagationVolume
LogPluginManager: Mounting plugin ActorLayerUtilities
LogPluginManager: Mounting plugin AnimationSharing
LogPluginManager: Mounting plugin CLionSourceCodeAccess
LogPluginManager: Mounting plugin CodeLiteSourceCodeAccess
LogPluginManager: Mounting plugin GitSourceControl
LogPluginManager: Mounting plugin KDevelopSourceCodeAccess
LogPluginManager: Mounting plugin NullSourceCodeAccess
LogPluginManager: Mounting plugin PerforceSourceControl
LogPluginManager: Mounting plugin SubversionSourceControl
LogPluginManager: Mounting plugin UObjectPlugin
LogPluginManager: Mounting plugin VisualStudioCodeSourceCodeAccess
LogPluginManager: Mounting plugin VisualStudioSourceCodeAccess
LogPluginManager: Mounting plugin XCodeSourceCodeAccess
LogPluginManager: Mounting plugin AssetManagerEditor
LogPluginManager: Mounting plugin CryptoKeys
LogPluginManager: Mounting plugin DataValidation
LogPluginManager: Mounting plugin FacialAnimation
LogPluginManager: Mounting plugin GameplayTagsEditor
LogPluginManager: Mounting plugin MacGraphicsSwitching
LogPluginManager: Mounting plugin MaterialAnalyzer
LogPluginManager: Mounting plugin MobileLauncherProfileWizard
LogPluginManager: Mounting plugin PluginBrowser
LogPluginManager: Mounting plugin SpeedTreeImporter
LogPluginManager: Mounting plugin DatasmithContent
LogPluginManager: Mounting plugin VariantManagerContent
LogPluginManager: Mounting plugin AlembicImporter
LogPluginManager: Mounting plugin AppleImageUtils
LogPluginManager: Mounting plugin AppleVision
LogPluginManager: Mounting plugin BackChannel
LogPluginManager: Mounting plugin CharacterAI
LogPluginManager: Mounting plugin GeometryCache
LogPluginManager: Mounting plugin HTML5Networking
LogPluginManager: Mounting plugin ProxyLODPlugin
LogPluginManager: Mounting plugin SkeletalReduction
LogPluginManager: Mounting plugin MagicLeap
LogPluginManager: Mounting plugin MagicLeapMedia
LogPluginManager: Mounting plugin AndroidMedia
LogPluginManager: Mounting plugin AvfMedia
LogPluginManager: Mounting plugin ImgMedia
LogPluginManager: Mounting plugin LinearTimecode
LogPluginManager: Mounting plugin MediaCompositing
LogPluginManager: Mounting plugin MediaPlayerEditor
LogPluginManager: Mounting plugin WebMMedia
LogPluginManager: Mounting plugin WmfMedia
LogPluginManager: Mounting plugin TcpMessaging
LogPluginManager: Mounting plugin UdpMessaging
LogPluginManager: Mounting plugin ActorSequence
LogPluginManager: Mounting plugin LevelSequenceEditor
LogPluginManager: Mounting plugin MatineeToLevelSequence
LogPluginManager: Mounting plugin NetcodeUnitTest
LogPluginManager: Mounting plugin NUTUnrealEngine4
LogPluginManager: Mounting plugin OnlineSubsystemGooglePlay
LogPluginManager: Mounting plugin OnlineSubsystemIOS
LogPluginManager: Mounting plugin OnlineSubsystem
LogPluginManager: Mounting plugin OnlineSubsystemNull
LogPluginManager: Mounting plugin OnlineSubsystemUtils
LogPluginManager: Mounting plugin LauncherChunkInstaller
LogPluginManager: Mounting plugin AndroidDeviceProfileSelector
LogPluginManager: Mounting plugin AndroidMoviePlayer
LogPluginManager: Mounting plugin AndroidPermission
LogPluginManager: Mounting plugin AppleMoviePlayer
LogPluginManager: Mounting plugin ArchVisCharacter
LogPluginManager: Mounting plugin AudioCapture
LogPluginManager: Mounting plugin CableComponent
LogPluginManager: Mounting plugin CustomMeshComponent
LogPluginManager: Mounting plugin EditableMesh
LogPluginManager: Mounting plugin ExampleDeviceProfileSelector
LogPluginManager: Mounting plugin Firebase
LogPluginManager: Mounting plugin GoogleCloudMessaging
LogPluginManager: Mounting plugin IOSDeviceProfileSelector
LogPluginManager: Mounting plugin LinuxDeviceProfileSelector
LogPluginManager: Mounting plugin LocationServicesBPLibrary
LogPluginManager: Mounting plugin MobilePatchingUtils
LogPluginManager: Mounting plugin OculusVR
LogPluginManager: Mounting plugin PhysXVehicles
LogPluginManager: Mounting plugin ProceduralMeshComponent
LogPluginManager: Mounting plugin RuntimePhysXCooking
LogPluginManager: Mounting plugin SignificanceManager
LogPluginManager: Mounting plugin SteamVR
LogPluginManager: Mounting plugin WebMMoviePlayer
LogPluginManager: Mounting plugin WindowsMoviePlayer
LogInit: Using libcurl 7.55.1-DEV
LogInit:  - built for x86_64-pc-win32
LogInit:  - supports SSL with OpenSSL/1.1.1
LogInit:  - supports HTTP deflate (compression) using libz 1.2.8
LogInit:  - other features:
LogInit:      CURL_VERSION_SSL
LogInit:      CURL_VERSION_LIBZ
LogInit:      CURL_VERSION_IPV6
LogInit:      CURL_VERSION_ASYNCHDNS
LogInit:      CURL_VERSION_LARGEFILE
LogInit:      CURL_VERSION_IDN
LogInit:  CurlRequestOptions (configurable via config and command line):
LogInit:  - bVerifyPeer = true  - Libcurl will verify peer certificate
LogInit:  - bUseHttpProxy = false  - Libcurl will NOT use HTTP proxy
LogInit:  - bDontReuseConnections = false  - Libcurl will reuse connections
LogInit:  - MaxHostConnections = 16  - Libcurl will limit the number of connections to a host
LogInit:  - LocalHostAddr = Default
LogInit:  - BufferSize = 65536
LogInit: WinSock: version 1.1 (2.2), MaxSocks=32767, MaxUdp=65467
LogInit: Build: ++UE4+Release-4.22-CL-6574378
LogInit: Engine Version: 4.22.2-6574378+++UE4+Release-4.22
LogInit: Compatible Engine Version: 4.22.0-5660361+++UE4+Release-4.22
LogInit: Net CL: 5660361
LogInit: OS: Windows 10 (Release 1803) (), CPU:        Intel(R) Core(TM) i5-3210M CPU @ 2.50GHz, GPU: Intel(R) HD Graphics 4000
LogInit: Compiled (64-bit): May 20 2019 09:54:56
LogInit: Compiled with Visual C++: 19.16.27025.01
LogInit: Build Configuration: Development
LogInit: Branch Name: ++UE4+Release-4.22
LogInit: Command Line: 
LogInit: Base Directory: C:/Program Files/Epic Games/UE_4.22/Engine/Binaries/Win64/
LogInit: Installed Engine Build: 1
LogDevObjectVersion: Number of dev versions registered: 23
LogDevObjectVersion:   Dev-Blueprints (B0D832E4-1F89-4F0D-ACCF-7EB736FD4AA2): 10
LogDevObjectVersion:   Dev-Build (E1C64328-A22C-4D53-A36C-8E866417BD8C): 0
LogDevObjectVersion:   Dev-Core (375EC13C-06E4-48FB-B500-84F0262A717E): 3
LogDevObjectVersion:   Dev-Editor (E4B068ED-F494-42E9-A231-DA0B2E46BB41): 30
LogDevObjectVersion:   Dev-Framework (CFFC743F-43B0-4480-9391-14DF171D2073): 35
LogDevObjectVersion:   Dev-Mobile (B02B49B5-BB20-44E9-A304-32B752E40360): 2
LogDevObjectVersion:   Dev-Networking (A4E4105C-59A1-49B5-A7C5-40C4547EDFEE): 0
LogDevObjectVersion:   Dev-Online (39C831C9-5AE6-47DC-9A44-9C173E1C8E7C): 0
LogDevObjectVersion:   Dev-Physics (78F01B33-EBEA-4F98-B9B4-84EACCB95AA2): 0
LogDevObjectVersion:   Dev-Platform (6631380F-2D4D-43E0-8009-CF276956A95A): 0
LogDevObjectVersion:   Dev-Rendering (12F88B9F-8875-4AFC-A67C-D90C383ABD29): 28
LogDevObjectVersion:   Dev-Sequencer (7B5AE74C-D270-4C10-A958-57980B212A5A): 11
LogDevObjectVersion:   Dev-VR (D7296918-1DD6-4BDD-9DE2-64A83CC13884): 2
LogDevObjectVersion:   Dev-LoadTimes (C2A15278-BFE7-4AFE-6C17-90FF531DF755): 1
LogDevObjectVersion:   Private-Geometry (6EACA3D4-40EC-4CC1-B786-8BED09428FC5): 3
LogDevObjectVersion:   Dev-AnimPhys (29E575DD-E0A3-4627-9D10-D276232CDCEA): 17
LogDevObjectVersion:   Dev-Anim (AF43A65D-7FD3-4947-9873-3E8ED9C1BB05): 2
LogDevObjectVersion:   Dev-ReflectionCapture (6B266CEC-1EC7-4B8F-A30B-E4D90942FC07): 1
LogDevObjectVersion:   Dev-Automation (0DF73D61-A23F-47EA-B727-89E90C41499A): 1
LogDevObjectVersion:   FortniteMain (601D1886-AC64-4F84-AA16-D3DE0DEAC7D6): 25
LogDevObjectVersion:   Dev-Enterprise (9DFFBCD6-494F-0158-E221-12823C92A888): 6
LogDevObjectVersion:   Dev-Niagara (F2AED0AC-9AFE-416F-8664-AA7FFA26D6FC): 1
LogDevObjectVersion:   Dev-Destruction (174F1F0B-B4C6-45A5-B13F-2EE8D0FB917D): 2
LogInit: Presizing for max 16777216 objects, including 0 objects not considered by GC, pre-allocating 0 bytes for permanent pool.
LogInit: Object subsystem initialized
LogConfig: Setting CVar [[con.DebugEarlyDefault:1]]
LogConfig: Setting CVar [[r.setres:1280x720]]
[2019.06.08-07.26.20:206][  0]LogConfig: Setting CVar [[r.VSync:0]]
[2019.06.08-07.26.20:206][  0]LogConfig: Setting CVar [[r.RHICmdBypass:0]]
[2019.06.08-07.26.20:206][  0]LogConfig: Applying CVar settings from Section [/Script/Engine.RendererSettings] File [D:/Energy/Joc fara nivel/Energy/Saved/Config/Windows/Engine.ini]
[2019.06.08-07.26.20:206][  0]LogConfig: Setting CVar [[r.GPUCrashDebugging:0]]
[2019.06.08-07.26.20:206][  0]LogConfig: Setting CVar [[r.MobileHDR:1]]
[2019.06.08-07.26.20:206][  0]LogConfig: Setting CVar [[r.Mobile.DisableVertexFog:1]]
[2019.06.08-07.26.20:206][  0]LogConfig: Setting CVar [[r.Shadow.CSM.MaxMobileCascades:2]]
[2019.06.08-07.26.20:206][  0]LogConfig: Setting CVar [[r.MobileMSAA:1]]
[2019.06.08-07.26.20:206][  0]LogConfig: Setting CVar [[r.Mobile.UseLegacyShadingModel:0]]
[2019.06.08-07.26.20:206][  0]LogConfig: Setting CVar [[r.Mobile.UseHWsRGBEncoding:0]]
[2019.06.08-07.26.20:206][  0]LogConfig: Setting CVar [[r.Mobile.AllowDitheredLODTransition:0]]
[2019.06.08-07.26.20:206][  0]LogConfig: Setting CVar [[r.Mobile.AllowSoftwareOcclusion:0]]
[2019.06.08-07.26.20:206][  0]LogConfig: Setting CVar [[r.DiscardUnusedQuality:0]]
[2019.06.08-07.26.20:206][  0]LogConfig: Setting CVar [[r.AllowOcclusionQueries:1]]
[2019.06.08-07.26.20:206][  0]LogConfig: Setting CVar [[r.MinScreenRadiusForLights:0.030000]]
[2019.06.08-07.26.20:206][  0]LogConfig: Setting CVar [[r.MinScreenRadiusForDepthPrepass:0.030000]]
[2019.06.08-07.26.20:206][  0]LogConfig: Setting CVar [[r.MinScreenRadiusForCSMDepth:0.010000]]
[2019.06.08-07.26.20:206][  0]LogConfig: Setting CVar [[r.PrecomputedVisibilityWarning:0]]
[2019.06.08-07.26.20:206][  0]LogConfig: Setting CVar [[r.TextureStreaming:1]]
[2019.06.08-07.26.20:206][  0]LogConfig: Setting CVar [[Compat.UseDXT5NormalMaps:0]]
[2019.06.08-07.26.20:206][  0]LogConfig: Setting CVar [[r.ClearCoatNormal:0]]
[2019.06.08-07.26.20:206][  0]LogConfig: Setting CVar [[r.ReflectionCaptureResolution:128]]
[2019.06.08-07.26.20:206][  0]LogConfig: Setting CVar [[r.ReflectionEnvironmentLightmapMixBasedOnRoughness:1]]
[2019.06.08-07.26.20:206][  0]LogConfig: Setting CVar [[r.ForwardShading:0]]
[2019.06.08-07.26.20:206][  0]LogConfig: Setting CVar [[r.VertexFoggingForOpaque:1]]
[2019.06.08-07.26.20:206][  0]LogConfig: Setting CVar [[r.AllowStaticLighting:1]]
[2019.06.08-07.26.20:206][  0]LogConfig: Setting CVar [[r.NormalMapsForStaticLighting:0]]
[2019.06.08-07.26.20:206][  0]LogConfig: Setting CVar [[r.GenerateMeshDistanceFields:0]]
[2019.06.08-07.26.20:206][  0]LogConfig: Setting CVar [[r.DistanceFieldBuild.EightBit:0]]
[2019.06.08-07.26.20:206][  0]LogConfig: Setting CVar [[r.GenerateLandscapeGIData:0]]
[2019.06.08-07.26.20:206][  0]LogConfig: Setting CVar [[r.DistanceFieldBuild.Compress:0]]
[2019.06.08-07.26.20:206][  0]LogConfig: Setting CVar [[r.TessellationAdaptivePixelsPerTriangle:48.000000]]
[2019.06.08-07.26.20:206][  0]LogConfig: Setting CVar [[r.SeparateTranslucency:1]]
[2019.06.08-07.26.20:206][  0]LogConfig: Setting CVar [[r.TranslucentSortPolicy:0]]
[2019.06.08-07.26.20:206][  0]LogConfig: Setting CVar [[r.CustomDepth:1]]
[2019.06.08-07.26.20:206][  0]LogConfig: Setting CVar [[r.CustomDepthTemporalAAJitter:1]]
[2019.06.08-07.26.20:206][  0]LogConfig: Setting CVar [[r.PostProcessing.PropagateAlpha:0]]
[2019.06.08-07.26.20:206][  0]LogConfig: Setting CVar [[r.DOF.Algorithm:1]]
[2019.06.08-07.26.20:207][  0]LogConfig: Setting CVar [[r.DefaultFeature.Bloom:1]]
[2019.06.08-07.26.20:207][  0]LogConfig: Setting CVar [[r.DefaultFeature.AmbientOcclusion:1]]
[2019.06.08-07.26.20:207][  0]LogConfig: Setting CVar [[r.DefaultFeature.AmbientOcclusionStaticFraction:1]]
[2019.06.08-07.26.20:207][  0]LogConfig: Setting CVar [[r.DefaultFeature.AutoExposure:1]]
[2019.06.08-07.26.20:207][  0]LogConfig: Setting CVar [[r.DefaultFeature.AutoExposure.Method:0]]
[2019.06.08-07.26.20:207][  0]LogConfig: Setting CVar [[r.DefaultFeature.AutoExposure.ExtendDefaultLuminanceRange:0]]
[2019.06.08-07.26.20:207][  0]LogConfig: Setting CVar [[r.UsePreExposure:0]]
[2019.06.08-07.26.20:207][  0]LogConfig: Setting CVar [[r.DefaultFeature.MotionBlur:1]]
[2019.06.08-07.26.20:207][  0]LogConfig: Setting CVar [[r.DefaultFeature.LensFlare:0]]
[2019.06.08-07.26.20:207][  0]LogConfig: Setting CVar [[r.TemporalAA.Upsampling:0]]
[2019.06.08-07.26.20:207][  0]LogConfig: Setting CVar [[r.DefaultFeature.AntiAliasing:2]]
[2019.06.08-07.26.20:207][  0]LogConfig: Setting CVar [[r.DefaultFeature.LightUnits:1]]
[2019.06.08-07.26.20:207][  0]LogConfig: Setting CVar [[r.DefaultBackBufferPixelFormat:4]]
[2019.06.08-07.26.20:207][  0]LogConfig: Setting CVar [[r.Shadow.UnbuiltPreviewInGame:1]]
[2019.06.08-07.26.20:207][  0]LogConfig: Setting CVar [[r.StencilForLODDither:0]]
[2019.06.08-07.26.20:207][  0]LogConfig: Setting CVar [[r.EarlyZPass:3]]
[2019.06.08-07.26.20:207][  0]LogConfig: Setting CVar [[r.EarlyZPassOnlyMaterialMasking:0]]
[2019.06.08-07.26.20:207][  0]LogConfig: Setting CVar [[r.DBuffer:1]]
[2019.06.08-07.26.20:207][  0]LogConfig: Setting CVar [[r.ClearSceneMethod:1]]
[2019.06.08-07.26.20:207][  0]LogConfig: Setting CVar [[r.BasePassOutputsVelocity:0]]
[2019.06.08-07.26.20:207][  0]LogConfig: Setting CVar [[r.SelectiveBasePassOutputs:0]]
[2019.06.08-07.26.20:207][  0]LogConfig: Setting CVar [[fx.GPUSimulationTextureSizeX:1024]]
[2019.06.08-07.26.20:207][  0]LogConfig: Setting CVar [[fx.GPUSimulationTextureSizeY:1024]]
[2019.06.08-07.26.20:207][  0]LogConfig: Setting CVar [[r.AllowGlobalClipPlane:0]]
[2019.06.08-07.26.20:207][  0]LogConfig: Setting CVar [[r.GBufferFormat:1]]
[2019.06.08-07.26.20:207][  0]LogConfig: Setting CVar [[r.MorphTarget.Mode:1]]
[2019.06.08-07.26.20:207][  0]LogConfig: Setting CVar [[vr.InstancedStereo:0]]
[2019.06.08-07.26.20:207][  0]LogConfig: Setting CVar [[vr.MultiView:0]]
[2019.06.08-07.26.20:207][  0]LogConfig: Setting CVar [[vr.MobileMultiView:0]]
[2019.06.08-07.26.20:207][  0]LogConfig: Setting CVar [[vr.MobileMultiView.Direct:0]]
[2019.06.08-07.26.20:207][  0]LogConfig: Setting CVar [[vr.RoundRobinOcclusion:0]]
[2019.06.08-07.26.20:207][  0]LogConfig: Setting CVar [[vr.ODSCapture:0]]
[2019.06.08-07.26.20:207][  0]LogConfig: Setting CVar [[r.WireframeCullThreshold:5.000000]]
[2019.06.08-07.26.20:207][  0]LogConfig: Setting CVar [[r.RayTracing:0]]
[2019.06.08-07.26.20:207][  0]LogConfig: Setting CVar [[r.SupportStationarySkylight:1]]
[2019.06.08-07.26.20:207][  0]LogConfig: Setting CVar [[r.SupportLowQualityLightmaps:1]]
[2019.06.08-07.26.20:207][  0]LogConfig: Setting CVar [[r.SupportPointLightWholeSceneShadows:1]]
[2019.06.08-07.26.20:207][  0]LogConfig: Setting CVar [[r.SupportAtmosphericFog:1]]
[2019.06.08-07.26.20:207][  0]LogConfig: Setting CVar [[r.SkinCache.CompileShaders:0]]
[2019.06.08-07.26.20:207][  0]LogConfig: Setting CVar [[r.Mobile.EnableStaticAndCSMShadowReceivers:1]]
[2019.06.08-07.26.20:207][  0]LogConfig: Setting CVar [[r.Mobile.EnableMovableLightCSMShaderCulling:1]]
[2019.06.08-07.26.20:207][  0]LogConfig: Setting CVar [[r.Mobile.AllowDistanceFieldShadows:1]]
[2019.06.08-07.26.20:207][  0]LogConfig: Setting CVar [[r.Mobile.AllowMovableDirectionalLights:1]]
[2019.06.08-07.26.20:207][  0]LogConfig: Setting CVar [[r.MobileNumDynamicPointLights:4]]
[2019.06.08-07.26.20:207][  0]LogConfig: Setting CVar [[r.MobileDynamicPointLightsUseStaticBranch:1]]
[2019.06.08-07.26.20:207][  0]LogConfig: Setting CVar [[r.Mobile.EnableMovableSpotlights:0]]
[2019.06.08-07.26.20:207][  0]LogConfig: Setting CVar [[r.SkinCache.SceneMemoryLimitInMB:128.000000]]
[2019.06.08-07.26.20:207][  0]LogConfig: Setting CVar [[r.GPUSkin.Limit2BoneInfluences:0]]
[2019.06.08-07.26.20:207][  0]LogConfig: Setting CVar [[r.SupportDepthOnlyIndexBuffers:1]]
[2019.06.08-07.26.20:207][  0]LogConfig: Setting CVar [[r.SupportReversedIndexBuffers:1]]
[2019.06.08-07.26.20:208][  0]LogConfig: Setting CVar [[r.SupportMaterialLayers:0]]
[2019.06.08-07.26.20:208][  0]LogConfig: Applying CVar settings from Section [/Script/Engine.RendererOverrideSettings] File [D:/Energy/Joc fara nivel/Energy/Saved/Config/Windows/Engine.ini]
[2019.06.08-07.26.20:208][  0]LogConfig: Applying CVar settings from Section [/Script/Engine.StreamingSettings] File [D:/Energy/Joc fara nivel/Energy/Saved/Config/Windows/Engine.ini]
[2019.06.08-07.26.20:208][  0]LogConfig: Setting CVar [[s.MinBulkDataSizeForAsyncLoading:131072]]
[2019.06.08-07.26.20:208][  0]LogConfig: Setting CVar [[s.AsyncLoadingThreadEnabled:0]]
[2019.06.08-07.26.20:208][  0]LogConfig: Setting CVar [[s.EventDrivenLoaderEnabled:1]]
[2019.06.08-07.26.20:208][  0]LogConfig: Setting CVar [[s.WarnIfTimeLimitExceeded:0]]
[2019.06.08-07.26.20:208][  0]LogConfig: Setting CVar [[s.TimeLimitExceededMultiplier:1.5]]
[2019.06.08-07.26.20:208][  0]LogConfig: Setting CVar [[s.TimeLimitExceededMinTime:0.005]]
[2019.06.08-07.26.20:208][  0]LogConfig: Setting CVar [[s.UseBackgroundLevelStreaming:1]]
[2019.06.08-07.26.20:208][  0]LogConfig: Setting CVar [[s.PriorityAsyncLoadingExtraTime:15.0]]
[2019.06.08-07.26.20:208][  0]LogConfig: Setting CVar [[s.LevelStreamingActorsUpdateTimeLimit:5.0]]
[2019.06.08-07.26.20:208][  0]LogConfig: Setting CVar [[s.PriorityLevelStreamingActorsUpdateExtraTime:5.0]]
[2019.06.08-07.26.20:208][  0]LogConfig: Setting CVar [[s.LevelStreamingComponentsRegistrationGranularity:10]]
[2019.06.08-07.26.20:208][  0]LogConfig: Setting CVar [[s.UnregisterComponentsTimeLimit:1.0]]
[2019.06.08-07.26.20:208][  0]LogConfig: Setting CVar [[s.LevelStreamingComponentsUnregistrationGranularity:5]]
[2019.06.08-07.26.20:208][  0]LogConfig: Applying CVar settings from Section [/Script/Engine.GarbageCollectionSettings] File [D:/Energy/Joc fara nivel/Energy/Saved/Config/Windows/Engine.ini]
[2019.06.08-07.26.20:208][  0]LogConfig: Setting CVar [[gc.MaxObjectsNotConsideredByGC:1]]
[2019.06.08-07.26.20:208][  0]LogConfig: Setting CVar [[gc.SizeOfPermanentObjectPool:0]]
[2019.06.08-07.26.20:208][  0]LogConfig: Setting CVar [[gc.FlushStreamingOnGC:0]]
[2019.06.08-07.26.20:208][  0]LogConfig: Setting CVar [[gc.NumRetriesBeforeForcingGC:10]]
[2019.06.08-07.26.20:208][  0]LogConfig: Setting CVar [[gc.AllowParallelGC:1]]
[2019.06.08-07.26.20:208][  0]LogConfig: Setting CVar [[gc.TimeBetweenPurgingPendingKillObjects:61.1]]
[2019.06.08-07.26.20:208][  0]LogConfig: Setting CVar [[gc.MaxObjectsInEditor:16777216]]
[2019.06.08-07.26.20:208][  0]LogConfig: Setting CVar [[gc.IncrementalBeginDestroyEnabled:1]]
[2019.06.08-07.26.20:208][  0]LogConfig: Setting CVar [[gc.CreateGCClusters:1]]
[2019.06.08-07.26.20:208][  0]LogConfig: Setting CVar [[gc.MinGCClusterSize:5]]
[2019.06.08-07.26.20:208][  0]LogConfig: Setting CVar [[gc.ActorClusteringEnabled:0]]
[2019.06.08-07.26.20:208][  0]LogConfig: Setting CVar [[gc.BlueprintClusteringEnabled:0]]
[2019.06.08-07.26.20:208][  0]LogConfig: Setting CVar [[gc.UseDisregardForGCOnDedicatedServers:0]]
[2019.06.08-07.26.20:208][  0]LogConfig: Applying CVar settings from Section [/Script/Engine.NetworkSettings] File [D:/Energy/Joc fara nivel/Energy/Saved/Config/Windows/Engine.ini]
[2019.06.08-07.26.20:208][  0]LogConfig: Applying CVar settings from Section [/Script/UnrealEd.CookerSettings] File [D:/Energy/Joc fara nivel/Energy/Saved/Config/Windows/Engine.ini]
[2019.06.08-07.26.20:211][  0]LogConfig: Applying CVar settings from Section [ViewDistanceQuality@3] File [D:/Energy/Joc fara nivel/Energy/Saved/Config/Windows/Scalability.ini]
[2019.06.08-07.26.20:211][  0]LogConfig: Setting CVar [[r.SkeletalMeshLODBias:0]]
[2019.06.08-07.26.20:211][  0]LogConfig: Setting CVar [[r.ViewDistanceScale:1.0]]
[2019.06.08-07.26.20:211][  0]LogConfig: Applying CVar settings from Section [AntiAliasingQuality@3] File [D:/Energy/Joc fara nivel/Energy/Saved/Config/Windows/Scalability.ini]
[2019.06.08-07.26.20:211][  0]LogConfig: Setting CVar [[r.PostProcessAAQuality:4]]
[2019.06.08-07.26.20:211][  0]LogConfig: Applying CVar settings from Section [ShadowQuality@3] File [D:/Energy/Joc fara nivel/Energy/Saved/Config/Windows/Scalability.ini]
[2019.06.08-07.26.20:211][  0]LogConfig: Setting CVar [[r.LightFunctionQuality:1]]
[2019.06.08-07.26.20:211][  0]LogConfig: Setting CVar [[r.ShadowQuality:5]]
[2019.06.08-07.26.20:211][  0]LogConfig: Setting CVar [[r.Shadow.CSM.MaxCascades:10]]
[2019.06.08-07.26.20:211][  0]LogConfig: Setting CVar [[r.Shadow.MaxResolution:2048]]
[2019.06.08-07.26.20:211][  0]LogConfig: Setting CVar [[r.Shadow.MaxCSMResolution:2048]]
[2019.06.08-07.26.20:211][  0]LogConfig: Setting CVar [[r.Shadow.RadiusThreshold:0.01]]
[2019.06.08-07.26.20:211][  0]LogConfig: Setting CVar [[r.Shadow.DistanceScale:1.0]]
[2019.06.08-07.26.20:211][  0]LogConfig: Setting CVar [[r.Shadow.CSM.TransitionScale:1.0]]
[2019.06.08-07.26.20:211][  0]LogConfig: Setting CVar [[r.Shadow.PreShadowResolutionFactor:1.0]]
[2019.06.08-07.26.20:211][  0]LogConfig: Setting CVar [[r.DistanceFieldShadowing:1]]
[2019.06.08-07.26.20:211][  0]LogConfig: Setting CVar [[r.DistanceFieldAO:1]]
[2019.06.08-07.26.20:211][  0]LogConfig: Setting CVar [[r.AOQuality:2]]
[2019.06.08-07.26.20:211][  0]LogConfig: Setting CVar [[r.VolumetricFog:1]]
[2019.06.08-07.26.20:211][  0]LogConfig: Setting CVar [[r.VolumetricFog.GridPixelSize:8]]
[2019.06.08-07.26.20:211][  0]LogConfig: Setting CVar [[r.VolumetricFog.GridSizeZ:128]]
[2019.06.08-07.26.20:211][  0]LogConfig: Setting CVar [[r.VolumetricFog.HistoryMissSupersampleCount:4]]
[2019.06.08-07.26.20:211][  0]LogConfig: Setting CVar [[r.LightMaxDrawDistanceScale:1]]
[2019.06.08-07.26.20:211][  0]LogConfig: Setting CVar [[r.CapsuleShadows:1]]
[2019.06.08-07.26.20:212][  0]LogConfig: Applying CVar settings from Section [PostProcessQuality@3] File [D:/Energy/Joc fara nivel/Energy/Saved/Config/Windows/Scalability.ini]
[2019.06.08-07.26.20:212][  0]LogConfig: Setting CVar [[r.MotionBlurQuality:4]]
[2019.06.08-07.26.20:212][  0]LogConfig: Setting CVar [[r.AmbientOcclusionMipLevelFactor:0.4]]
[2019.06.08-07.26.20:212][  0]LogConfig: Setting CVar [[r.AmbientOcclusionMaxQuality:100]]
[2019.06.08-07.26.20:212][  0]LogConfig: Setting CVar [[r.AmbientOcclusionLevels:-1]]
[2019.06.08-07.26.20:212][  0]LogConfig: Setting CVar [[r.AmbientOcclusionRadiusScale:1.0]]
[2019.06.08-07.26.20:212][  0]LogConfig: Setting CVar [[r.DepthOfFieldQuality:2]]
[2019.06.08-07.26.20:212][  0]LogConfig: Setting CVar [[r.RenderTargetPoolMin:400]]
[2019.06.08-07.26.20:212][  0]LogConfig: Setting CVar [[r.LensFlareQuality:2]]
[2019.06.08-07.26.20:212][  0]LogConfig: Setting CVar [[r.SceneColorFringeQuality:1]]
[2019.06.08-07.26.20:212][  0]LogConfig: Setting CVar [[r.EyeAdaptationQuality:2]]
[2019.06.08-07.26.20:212][  0]LogConfig: Setting CVar [[r.BloomQuality:5]]
[2019.06.08-07.26.20:212][  0]LogConfig: Setting CVar [[r.FastBlurThreshold:100]]
[2019.06.08-07.26.20:212][  0]LogConfig: Setting CVar [[r.Upscale.Quality:3]]
[2019.06.08-07.26.20:212][  0]LogConfig: Setting CVar [[r.Tonemapper.GrainQuantization:1]]
[2019.06.08-07.26.20:212][  0]LogConfig: Setting CVar [[r.LightShaftQuality:1]]
[2019.06.08-07.26.20:212][  0]LogConfig: Setting CVar [[r.Filter.SizeScale:1]]
[2019.06.08-07.26.20:212][  0]LogConfig: Setting CVar [[r.Tonemapper.Quality:5]]
[2019.06.08-07.26.20:212][  0]LogConfig: Setting CVar [[r.DOF.Gather.AccumulatorQuality:1        ; higher gathering accumulator quality]]
[2019.06.08-07.26.20:212][  0]LogConfig: Setting CVar [[r.DOF.Gather.PostfilterMethod:1          ; Median3x3 postfilering method]]
[2019.06.08-07.26.20:212][  0]LogConfig: Setting CVar [[r.DOF.Gather.EnableBokehSettings:0       ; no bokeh simulation when gathering]]
[2019.06.08-07.26.20:212][  0]LogConfig: Setting CVar [[r.DOF.Gather.RingCount:4                 ; medium number of samples when gathering]]
[2019.06.08-07.26.20:212][  0]LogConfig: Setting CVar [[r.DOF.Scatter.ForegroundCompositing:1    ; additive foreground scattering]]
[2019.06.08-07.26.20:212][  0]LogConfig: Setting CVar [[r.DOF.Scatter.BackgroundCompositing:2    ; additive background scattering]]
[2019.06.08-07.26.20:212][  0]LogConfig: Setting CVar [[r.DOF.Scatter.EnableBokehSettings:1      ; bokeh simulation when scattering]]
[2019.06.08-07.26.20:212][  0]LogConfig: Setting CVar [[r.DOF.Scatter.MaxSpriteRatio:0.1         ; only a maximum of 10% of scattered bokeh]]
[2019.06.08-07.26.20:212][  0]LogConfig: Setting CVar [[r.DOF.Recombine.Quality:1                ; cheap slight out of focus]]
[2019.06.08-07.26.20:212][  0]LogConfig: Setting CVar [[r.DOF.Recombine.EnableBokehSettings:0    ; no bokeh simulation on slight out of focus]]
[2019.06.08-07.26.20:212][  0]LogConfig: Setting CVar [[r.DOF.TemporalAAQuality:1                ; more stable temporal accumulation]]
[2019.06.08-07.26.20:212][  0]LogConfig: Setting CVar [[r.DOF.Kernel.MaxForegroundRadius:0.025]]
[2019.06.08-07.26.20:212][  0]LogConfig: Setting CVar [[r.DOF.Kernel.MaxBackgroundRadius:0.025]]
[2019.06.08-07.26.20:212][  0]LogConfig: Applying CVar settings from Section [TextureQuality@3] File [D:/Energy/Joc fara nivel/Energy/Saved/Config/Windows/Scalability.ini]
[2019.06.08-07.26.20:212][  0]LogConfig: Setting CVar [[r.Streaming.MipBias:0]]
[2019.06.08-07.26.20:212][  0]LogConfig: Setting CVar [[r.Streaming.AmortizeCPUToGPUCopy:0]]
[2019.06.08-07.26.20:212][  0]LogConfig: Setting CVar [[r.Streaming.MaxNumTexturesToStreamPerFrame:0]]
[2019.06.08-07.26.20:212][  0]LogConfig: Setting CVar [[r.Streaming.Boost:1]]
[2019.06.08-07.26.20:212][  0]LogConfig: Setting CVar [[r.MaxAnisotropy:8]]
[2019.06.08-07.26.20:212][  0]LogConfig: Setting CVar [[r.Streaming.LimitPoolSizeToVRAM:0]]
[2019.06.08-07.26.20:212][  0]LogConfig: Setting CVar [[r.Streaming.PoolSize:1000]]
[2019.06.08-07.26.20:212][  0]LogConfig: Setting CVar [[r.Streaming.MaxEffectiveScreenSize:0]]
[2019.06.08-07.26.20:212][  0]LogConfig: Applying CVar settings from Section [EffectsQuality@3] File [D:/Energy/Joc fara nivel/Energy/Saved/Config/Windows/Scalability.ini]
[2019.06.08-07.26.20:212][  0]LogConfig: Setting CVar [[r.TranslucencyLightingVolumeDim:64]]
[2019.06.08-07.26.20:212][  0]LogConfig: Setting CVar [[r.RefractionQuality:2]]
[2019.06.08-07.26.20:212][  0]LogConfig: Setting CVar [[r.SSR.Quality:3]]
[2019.06.08-07.26.20:212][  0]LogConfig: Setting CVar [[r.SceneColorFormat:4]]
[2019.06.08-07.26.20:212][  0]LogConfig: Setting CVar [[r.DetailMode:2]]
[2019.06.08-07.26.20:212][  0]LogConfig: Setting CVar [[r.TranslucencyVolumeBlur:1]]
[2019.06.08-07.26.20:212][  0]LogConfig: Setting CVar [[r.MaterialQualityLevel:1 ; High quality]]
[2019.06.08-07.26.20:212][  0]LogConfig: Setting CVar [[r.SSS.Scale:1]]
[2019.06.08-07.26.20:212][  0]LogConfig: Setting CVar [[r.SSS.SampleSet:2]]
[2019.06.08-07.26.20:212][  0]LogConfig: Setting CVar [[r.SSS.Quality:1]]
[2019.06.08-07.26.20:213][  0]LogConfig: Setting CVar [[r.SSS.HalfRes:1]]
[2019.06.08-07.26.20:213][  0]LogConfig: Setting CVar [[r.EmitterSpawnRateScale:1.0]]
[2019.06.08-07.26.20:213][  0]LogConfig: Setting CVar [[r.ParticleLightQuality:2]]
[2019.06.08-07.26.20:213][  0]LogConfig: Applying CVar settings from Section [FoliageQuality@3] File [D:/Energy/Joc fara nivel/Energy/Saved/Config/Windows/Scalability.ini]
[2019.06.08-07.26.20:213][  0]LogConfig: Setting CVar [[foliage.DensityScale:1.0]]
[2019.06.08-07.26.20:213][  0]LogConfig: Setting CVar [[grass.DensityScale:1.0]]
[2019.06.08-07.26.20:213][  0]LogInit: Selected Device Profile: [Windows]
[2019.06.08-07.26.20:213][  0]LogInit: Applying CVar settings loaded from the selected device profile: [Windows]
[2019.06.08-07.26.20:256][  0]LogHAL: Display: Platform has ~ 6 GB [6255611904 / 8589934592 / 6], which maps to Smaller [LargestMinGB=32, LargerMinGB=12, DefaultMinGB=8, SmallerMinGB=6, SmallestMinGB=0)
[2019.06.08-07.26.20:256][  0]LogConfig: Setting CVar [[r.Vulkan.UseRealUBs:0		; Required until we fix HLR fall-out]]
[2019.06.08-07.26.20:256][  0]LogInit: Going up to parent DeviceProfile []
[2019.06.08-07.26.20:256][  0]LogConfig: Applying CVar settings from Section [ViewDistanceQuality@3] File [D:/Energy/Joc fara nivel/Energy/Saved/Config/Windows/Scalability.ini]
[2019.06.08-07.26.20:256][  0]LogConfig: Setting CVar [[r.SkeletalMeshLODBias:0]]
[2019.06.08-07.26.20:256][  0]LogConfig: Setting CVar [[r.ViewDistanceScale:1.0]]
[2019.06.08-07.26.20:256][  0]LogConfig: Applying CVar settings from Section [AntiAliasingQuality@3] File [D:/Energy/Joc fara nivel/Energy/Saved/Config/Windows/Scalability.ini]
[2019.06.08-07.26.20:256][  0]LogConfig: Setting CVar [[r.PostProcessAAQuality:4]]
[2019.06.08-07.26.20:256][  0]LogConfig: Applying CVar settings from Section [ShadowQuality@3] File [D:/Energy/Joc fara nivel/Energy/Saved/Config/Windows/Scalability.ini]
[2019.06.08-07.26.20:256][  0]LogConfig: Setting CVar [[r.LightFunctionQuality:1]]
[2019.06.08-07.26.20:256][  0]LogConfig: Setting CVar [[r.ShadowQuality:5]]
[2019.06.08-07.26.20:256][  0]LogConfig: Setting CVar [[r.Shadow.CSM.MaxCascades:10]]
[2019.06.08-07.26.20:256][  0]LogConfig: Setting CVar [[r.Shadow.MaxResolution:2048]]
[2019.06.08-07.26.20:256][  0]LogConfig: Setting CVar [[r.Shadow.MaxCSMResolution:2048]]
[2019.06.08-07.26.20:256][  0]LogConfig: Setting CVar [[r.Shadow.RadiusThreshold:0.01]]
[2019.06.08-07.26.20:256][  0]LogConfig: Setting CVar [[r.Shadow.DistanceScale:1.0]]
[2019.06.08-07.26.20:256][  0]LogConfig: Setting CVar [[r.Shadow.CSM.TransitionScale:1.0]]
[2019.06.08-07.26.20:256][  0]LogConfig: Setting CVar [[r.Shadow.PreShadowResolutionFactor:1.0]]
[2019.06.08-07.26.20:256][  0]LogConfig: Setting CVar [[r.DistanceFieldShadowing:1]]
[2019.06.08-07.26.20:256][  0]LogConfig: Setting CVar [[r.DistanceFieldAO:1]]
[2019.06.08-07.26.20:256][  0]LogConfig: Setting CVar [[r.AOQuality:2]]
[2019.06.08-07.26.20:256][  0]LogConfig: Setting CVar [[r.VolumetricFog:1]]
[2019.06.08-07.26.20:256][  0]LogConfig: Setting CVar [[r.VolumetricFog.GridPixelSize:8]]
[2019.06.08-07.26.20:256][  0]LogConfig: Setting CVar [[r.VolumetricFog.GridSizeZ:128]]
[2019.06.08-07.26.20:257][  0]LogConfig: Setting CVar [[r.VolumetricFog.HistoryMissSupersampleCount:4]]
[2019.06.08-07.26.20:257][  0]LogConfig: Setting CVar [[r.LightMaxDrawDistanceScale:1]]
[2019.06.08-07.26.20:257][  0]LogConfig: Setting CVar [[r.CapsuleShadows:1]]
[2019.06.08-07.26.20:257][  0]LogConfig: Applying CVar settings from Section [PostProcessQuality@3] File [D:/Energy/Joc fara nivel/Energy/Saved/Config/Windows/Scalability.ini]
[2019.06.08-07.26.20:257][  0]LogConfig: Setting CVar [[r.MotionBlurQuality:4]]
[2019.06.08-07.26.20:257][  0]LogConfig: Setting CVar [[r.AmbientOcclusionMipLevelFactor:0.4]]
[2019.06.08-07.26.20:257][  0]LogConfig: Setting CVar [[r.AmbientOcclusionMaxQuality:100]]
[2019.06.08-07.26.20:257][  0]LogConfig: Setting CVar [[r.AmbientOcclusionLevels:-1]]
[2019.06.08-07.26.20:257][  0]LogConfig: Setting CVar [[r.AmbientOcclusionRadiusScale:1.0]]
[2019.06.08-07.26.20:257][  0]LogConfig: Setting CVar [[r.DepthOfFieldQuality:2]]
[2019.06.08-07.26.20:257][  0]LogConfig: Setting CVar [[r.RenderTargetPoolMin:400]]
[2019.06.08-07.26.20:257][  0]LogConfig: Setting CVar [[r.LensFlareQuality:2]]
[2019.06.08-07.26.20:257][  0]LogConfig: Setting CVar [[r.SceneColorFringeQuality:1]]
[2019.06.08-07.26.20:257][  0]LogConfig: Setting CVar [[r.EyeAdaptationQuality:2]]
[2019.06.08-07.26.20:257][  0]LogConfig: Setting CVar [[r.BloomQuality:5]]
[2019.06.08-07.26.20:257][  0]LogConfig: Setting CVar [[r.FastBlurThreshold:100]]
[2019.06.08-07.26.20:257][  0]LogConfig: Setting CVar [[r.Upscale.Quality:3]]
[2019.06.08-07.26.20:257][  0]LogConfig: Setting CVar [[r.Tonemapper.GrainQuantization:1]]
[2019.06.08-07.26.20:257][  0]LogConfig: Setting CVar [[r.LightShaftQuality:1]]
[2019.06.08-07.26.20:257][  0]LogConfig: Setting CVar [[r.Filter.SizeScale:1]]
[2019.06.08-07.26.20:257][  0]LogConfig: Setting CVar [[r.Tonemapper.Quality:5]]
[2019.06.08-07.26.20:257][  0]LogConfig: Setting CVar [[r.DOF.Gather.AccumulatorQuality:1        ; higher gathering accumulator quality]]
[2019.06.08-07.26.20:257][  0]LogConfig: Setting CVar [[r.DOF.Gather.PostfilterMethod:1          ; Median3x3 postfilering method]]
[2019.06.08-07.26.20:257][  0]LogConfig: Setting CVar [[r.DOF.Gather.EnableBokehSettings:0       ; no bokeh simulation when gathering]]
[2019.06.08-07.26.20:257][  0]LogConfig: Setting CVar [[r.DOF.Gather.RingCount:4                 ; medium number of samples when gathering]]
[2019.06.08-07.26.20:257][  0]LogConfig: Setting CVar [[r.DOF.Scatter.ForegroundCompositing:1    ; additive foreground scattering]]
[2019.06.08-07.26.20:257][  0]LogConfig: Setting CVar [[r.DOF.Scatter.BackgroundCompositing:2    ; additive background scattering]]
[2019.06.08-07.26.20:257][  0]LogConfig: Setting CVar [[r.DOF.Scatter.EnableBokehSettings:1      ; bokeh simulation when scattering]]
[2019.06.08-07.26.20:257][  0]LogConfig: Setting CVar [[r.DOF.Scatter.MaxSpriteRatio:0.1         ; only a maximum of 10% of scattered bokeh]]
[2019.06.08-07.26.20:257][  0]LogConfig: Setting CVar [[r.DOF.Recombine.Quality:1                ; cheap slight out of focus]]
[2019.06.08-07.26.20:257][  0]LogConfig: Setting CVar [[r.DOF.Recombine.EnableBokehSettings:0    ; no bokeh simulation on slight out of focus]]
[2019.06.08-07.26.20:257][  0]LogConfig: Setting CVar [[r.DOF.TemporalAAQuality:1                ; more stable temporal accumulation]]
[2019.06.08-07.26.20:257][  0]LogConfig: Setting CVar [[r.DOF.Kernel.MaxForegroundRadius:0.025]]
[2019.06.08-07.26.20:257][  0]LogConfig: Setting CVar [[r.DOF.Kernel.MaxBackgroundRadius:0.025]]
[2019.06.08-07.26.20:257][  0]LogConfig: Applying CVar settings from Section [TextureQuality@3] File [D:/Energy/Joc fara nivel/Energy/Saved/Config/Windows/Scalability.ini]
[2019.06.08-07.26.20:257][  0]LogConfig: Setting CVar [[r.Streaming.MipBias:0]]
[2019.06.08-07.26.20:257][  0]LogConfig: Setting CVar [[r.Streaming.AmortizeCPUToGPUCopy:0]]
[2019.06.08-07.26.20:257][  0]LogConfig: Setting CVar [[r.Streaming.MaxNumTexturesToStreamPerFrame:0]]
[2019.06.08-07.26.20:257][  0]LogConfig: Setting CVar [[r.Streaming.Boost:1]]
[2019.06.08-07.26.20:257][  0]LogConfig: Setting CVar [[r.MaxAnisotropy:8]]
[2019.06.08-07.26.20:257][  0]LogConfig: Setting CVar [[r.Streaming.LimitPoolSizeToVRAM:0]]
[2019.06.08-07.26.20:257][  0]LogConfig: Setting CVar [[r.Streaming.PoolSize:1000]]
[2019.06.08-07.26.20:257][  0]LogConfig: Setting CVar [[r.Streaming.MaxEffectiveScreenSize:0]]
[2019.06.08-07.26.20:257][  0]LogConfig: Applying CVar settings from Section [EffectsQuality@3] File [D:/Energy/Joc fara nivel/Energy/Saved/Config/Windows/Scalability.ini]
[2019.06.08-07.26.20:257][  0]LogConfig: Setting CVar [[r.TranslucencyLightingVolumeDim:64]]
[2019.06.08-07.26.20:257][  0]LogConfig: Setting CVar [[r.RefractionQuality:2]]
[2019.06.08-07.26.20:257][  0]LogConfig: Setting CVar [[r.SSR.Quality:3]]
[2019.06.08-07.26.20:257][  0]LogConfig: Setting CVar [[r.SceneColorFormat:4]]
[2019.06.08-07.26.20:257][  0]LogConfig: Setting CVar [[r.DetailMode:2]]
[2019.06.08-07.26.20:257][  0]LogConfig: Setting CVar [[r.TranslucencyVolumeBlur:1]]
[2019.06.08-07.26.20:257][  0]LogConfig: Setting CVar [[r.MaterialQualityLevel:1 ; High quality]]
[2019.06.08-07.26.20:258][  0]LogConfig: Setting CVar [[r.SSS.Scale:1]]
[2019.06.08-07.26.20:258][  0]LogConfig: Setting CVar [[r.SSS.SampleSet:2]]
[2019.06.08-07.26.20:258][  0]LogConfig: Setting CVar [[r.SSS.Quality:1]]
[2019.06.08-07.26.20:258][  0]LogConfig: Setting CVar [[r.SSS.HalfRes:1]]
[2019.06.08-07.26.20:258][  0]LogConfig: Setting CVar [[r.EmitterSpawnRateScale:1.0]]
[2019.06.08-07.26.20:258][  0]LogConfig: Setting CVar [[r.ParticleLightQuality:2]]
[2019.06.08-07.26.20:258][  0]LogConfig: Applying CVar settings from Section [FoliageQuality@3] File [D:/Energy/Joc fara nivel/Energy/Saved/Config/Windows/Scalability.ini]
[2019.06.08-07.26.20:258][  0]LogConfig: Setting CVar [[foliage.DensityScale:1.0]]
[2019.06.08-07.26.20:258][  0]LogConfig: Setting CVar [[grass.DensityScale:1.0]]
[2019.06.08-07.26.20:258][  0]LogConfig: Applying CVar settings from Section [Startup] File [../../../Engine/Config/ConsoleVariables.ini]
[2019.06.08-07.26.20:263][  0]LogConfig: Setting CVar [[net.UseAdaptiveNetUpdateFrequency:0]]
[2019.06.08-07.26.20:263][  0]LogConfig: Setting CVar [[p.chaos.AllowCreatePhysxBodies:1]]
[2019.06.08-07.26.20:263][  0]LogConfig: Applying CVar settings from Section [ConsoleVariables] File [D:/Energy/Joc fara nivel/Energy/Saved/Config/Windows/Engine.ini]
[2019.06.08-07.26.20:263][  0]LogInit: Computer: DESKTOP-ON7BK51
[2019.06.08-07.26.20:263][  0]LogInit: User: danal
[2019.06.08-07.26.20:263][  0]LogInit: CPU Page size=4096, Cores=2
[2019.06.08-07.26.20:263][  0]LogInit: High frequency timer resolution =2.435882 MHz
[2019.06.08-07.26.20:263][  0]LogMemory: Memory total: Physical=5.8GB (6GB approx)
[2019.06.08-07.26.20:263][  0]LogMemory: Platform Memory Stats for Windows
[2019.06.08-07.26.20:263][  0]LogMemory: Process Physical Memory: 96.10 MB used, 96.10 MB peak
[2019.06.08-07.26.20:263][  0]LogMemory: Process Virtual Memory: 83.54 MB used, 83.54 MB peak
[2019.06.08-07.26.20:263][  0]LogMemory: Physical Memory: 3249.41 MB used,  2716.41 MB free, 5965.82 MB total
[2019.06.08-07.26.20:263][  0]LogMemory: Virtual Memory: 4633.03 MB used,  134213096.00 MB free, 134217728.00 MB total
[2019.06.08-07.26.20:416][  0]LogInit: Using OS detected language (en-US).
[2019.06.08-07.26.20:416][  0]LogInit: Using OS detected locale (en-GB).
[2019.06.08-07.26.20:417][  0]LogTextLocalizationManager: No specific localization for 'en-US' exists, so the 'en' localization will be used.
[2019.06.08-07.26.20:723][  0]LogInit: Setting process to per monitor DPI aware
[2019.06.08-07.26.20:806][  0]LogSlate: New Slate User Created.  User Index 0, Is Virtual User: 0
[2019.06.08-07.26.20:806][  0]LogSlate: Slate User Registered.  User Index 0, Is Virtual User: 0
[2019.06.08-07.26.23:394][  0]LogHMD: Failed to initialize OpenVR with code 110
[2019.06.08-07.26.23:394][  0]LogD3D11RHI: D3D11 adapters:
[2019.06.08-07.26.23:400][  0]LogD3D11RHI:    0. 'Intel(R) HD Graphics 4000' (Feature Level 11_0)
[2019.06.08-07.26.23:401][  0]LogD3D11RHI:       96/0/1696 MB DedicatedVideo/DedicatedSystem/SharedSystem, Outputs:1, VendorId:0x8086
[2019.06.08-07.26.23:472][  0]LogD3D11RHI:    1. 'NVIDIA GeForce 610M' (Feature Level 11_0)
[2019.06.08-07.26.23:472][  0]LogD3D11RHI:       2000/0/2982 MB DedicatedVideo/DedicatedSystem/SharedSystem, Outputs:0, VendorId:0x10de
[2019.06.08-07.26.23:476][  0]LogD3D11RHI:    2. 'Microsoft Basic Render Driver' (Feature Level 11_0)
[2019.06.08-07.26.23:476][  0]LogD3D11RHI:       0/0/2982 MB DedicatedVideo/DedicatedSystem/SharedSystem, Outputs:0, VendorId:0x1414
[2019.06.08-07.26.23:476][  0]LogD3D11RHI: Chosen D3D11 Adapter: 1
[2019.06.08-07.26.23:519][  0]LogD3D11RHI: Creating new Direct3DDevice
[2019.06.08-07.26.23:519][  0]LogD3D11RHI:     GPU DeviceId: 0x1058 (for the marketing name, search the web for "GPU Device Id")
[2019.06.08-07.26.23:519][  0]LogWindows: EnumDisplayDevices:
[2019.06.08-07.26.23:519][  0]LogWindows:    0. 'Intel(R) HD Graphics 4000' (P:1 D:1)
[2019.06.08-07.26.23:520][  0]LogWindows:    1. 'Intel(R) HD Graphics 4000' (P:0 D:0)
[2019.06.08-07.26.23:520][  0]LogWindows:    2. 'Intel(R) HD Graphics 4000' (P:0 D:0)
[2019.06.08-07.26.23:521][  0]LogWindows: DebugString: PrimaryIsNotTheChoosenAdapter PrimaryIsNotTheChoosenAdapter PrimaryIsNotTheChoosenAdapter FoundDriverCount:0 
[2019.06.08-07.26.23:521][  0]LogD3D11RHI:     Adapter Name: NVIDIA GeForce 610M
[2019.06.08-07.26.23:521][  0]LogD3D11RHI:   Driver Version: Unknown (internal:Unknown, unified:Unknown)
[2019.06.08-07.26.23:521][  0]LogD3D11RHI:      Driver Date: Unknown
[2019.06.08-07.26.23:521][  0]LogRHI: Texture pool is 1400 MB (70% of 2000 MB)
[2019.06.08-07.26.23:570][  0]LogD3D11RHI: Display: Timestamp queries are currently disabled on this hardware due to instability. Realtime GPU stats will not be available. You can override this behaviour by setting r.NVIDIATimestampWorkaround to 0
[2019.06.08-07.26.23:570][  0]LogD3D11RHI: Async texture creation enabled
[2019.06.08-07.26.23:575][  0]LogRendererCore: FGlobalReadBuffer::InitRHI
[2019.06.08-07.26.23:575][  0]LogRendererCore: FGlobalReadBuffer::InitRHI
[2019.06.08-07.26.23:575][  0]LogRendererCore: FGlobalReadBuffer::InitRHI
[2019.06.08-07.26.23:584][  0]LogD3D11RHI: GPU Timing Frequency: 1000.000000 (Debug: 2 1)
[2019.06.08-07.26.24:189][  0]LogTemp: Display: Module 'AllDesktopTargetPlatform' loaded TargetPlatform 'AllDesktop'
[2019.06.08-07.26.24:211][  0]LogTemp: Display: Module 'MacClientTargetPlatform' loaded TargetPlatform 'MacClient'
[2019.06.08-07.26.24:233][  0]LogTemp: Display: Module 'MacNoEditorTargetPlatform' loaded TargetPlatform 'MacNoEditor'
[2019.06.08-07.26.24:255][  0]LogTemp: Display: Module 'MacServerTargetPlatform' loaded TargetPlatform 'MacServer'
[2019.06.08-07.26.24:282][  0]LogTemp: Display: Module 'MacTargetPlatform' loaded TargetPlatform 'Mac'
[2019.06.08-07.26.24:304][  0]LogTemp: Display: Module 'WindowsClientTargetPlatform' loaded TargetPlatform 'WindowsClient'
[2019.06.08-07.26.24:326][  0]LogTemp: Display: Module 'WindowsNoEditorTargetPlatform' loaded TargetPlatform 'WindowsNoEditor'
[2019.06.08-07.26.24:346][  0]LogTemp: Display: Module 'WindowsServerTargetPlatform' loaded TargetPlatform 'WindowsServer'
[2019.06.08-07.26.24:358][  0]LogTemp: Display: Module 'WindowsTargetPlatform' loaded TargetPlatform 'Windows'
[2019.06.08-07.26.24:476][  0]LogTemp: Display: Module 'AndroidTargetPlatform' loaded TargetPlatform 'Android'
[2019.06.08-07.26.24:476][  0]LogTemp: Display: Module 'AndroidTargetPlatform' loaded TargetPlatform 'Android_ASTC'
[2019.06.08-07.26.24:476][  0]LogTemp: Display: Module 'AndroidTargetPlatform' loaded TargetPlatform 'Android_ATC'
[2019.06.08-07.26.24:476][  0]LogTemp: Display: Module 'AndroidTargetPlatform' loaded TargetPlatform 'Android_DXT'
[2019.06.08-07.26.24:476][  0]LogTemp: Display: Module 'AndroidTargetPlatform' loaded TargetPlatform 'Android_ETC1'
[2019.06.08-07.26.24:476][  0]LogTemp: Display: Module 'AndroidTargetPlatform' loaded TargetPlatform 'Android_ETC1a'
[2019.06.08-07.26.24:476][  0]LogTemp: Display: Module 'AndroidTargetPlatform' loaded TargetPlatform 'Android_ETC2'
[2019.06.08-07.26.24:476][  0]LogTemp: Display: Module 'AndroidTargetPlatform' loaded TargetPlatform 'Android_PVRTC'
[2019.06.08-07.26.24:476][  0]LogTemp: Display: Module 'AndroidTargetPlatform' loaded TargetPlatform 'AndroidClient'
[2019.06.08-07.26.24:476][  0]LogTemp: Display: Module 'AndroidTargetPlatform' loaded TargetPlatform 'Android_ASTCClient'
[2019.06.08-07.26.24:476][  0]LogTemp: Display: Module 'AndroidTargetPlatform' loaded TargetPlatform 'Android_ATCClient'
[2019.06.08-07.26.24:476][  0]LogTemp: Display: Module 'AndroidTargetPlatform' loaded TargetPlatform 'Android_DXTClient'
[2019.06.08-07.26.24:476][  0]LogTemp: Display: Module 'AndroidTargetPlatform' loaded TargetPlatform 'Android_ETC1Client'
[2019.06.08-07.26.24:476][  0]LogTemp: Display: Module 'AndroidTargetPlatform' loaded TargetPlatform 'Android_ETC1aClient'
[2019.06.08-07.26.24:476][  0]LogTemp: Display: Module 'AndroidTargetPlatform' loaded TargetPlatform 'Android_ETC2Client'
[2019.06.08-07.26.24:476][  0]LogTemp: Display: Module 'AndroidTargetPlatform' loaded TargetPlatform 'Android_PVRTCClient'
[2019.06.08-07.26.24:476][  0]LogTemp: Display: Module 'AndroidTargetPlatform' loaded TargetPlatform 'Android_Multi'
[2019.06.08-07.26.24:477][  0]LogTemp: Display: Module 'AndroidTargetPlatform' loaded TargetPlatform 'Android_MultiClient'
[2019.06.08-07.26.24:479][  0]LogTemp: Display: Module 'HTML5TargetPlatform' loaded TargetPlatform 'HTML5'
[2019.06.08-07.26.24:543][  0]LogTemp: Display: Module 'IOSTargetPlatform' loaded TargetPlatform 'IOSClient'
[2019.06.08-07.26.24:543][  0]LogTemp: Display: Module 'IOSTargetPlatform' loaded TargetPlatform 'IOS'
[2019.06.08-07.26.24:579][  0]LogTemp: Display: Module 'TVOSTargetPlatform' loaded TargetPlatform 'TVOSClient'
[2019.06.08-07.26.24:579][  0]LogTemp: Display: Module 'TVOSTargetPlatform' loaded TargetPlatform 'TVOS'
[2019.06.08-07.26.24:598][  0]LogTemp: Display: Module 'LinuxClientTargetPlatform' loaded TargetPlatform 'LinuxClient'
[2019.06.08-07.26.24:616][  0]LogTemp: Display: Module 'LinuxNoEditorTargetPlatform' loaded TargetPlatform 'LinuxNoEditor'
[2019.06.08-07.26.24:635][  0]LogTemp: Display: Module 'LinuxServerTargetPlatform' loaded TargetPlatform 'LinuxServer'
[2019.06.08-07.26.24:662][  0]LogTemp: Display: Module 'LinuxTargetPlatform' loaded TargetPlatform 'Linux'
[2019.06.08-07.26.24:728][  0]LogTemp: Display: Module 'LuminTargetPlatform' loaded TargetPlatform 'Lumin'
[2019.06.08-07.26.24:728][  0]LogTemp: Display: Module 'LuminTargetPlatform' loaded TargetPlatform 'LuminClient'
[2019.06.08-07.26.24:728][  0]LogTargetPlatformManager: Display: Building Assets For Windows
[2019.06.08-07.26.24:776][  0]LogAudioDebug: Display: Lib vorbis DLL was dynamically loaded.
[2019.06.08-07.26.24:903][  0]LogShaderCompilers: Guid format shader working directory is 15 characters bigger than the processId version (D:/Energy/Joc fara nivel/Energy/Intermediate/Shaders/WorkingDirectory/5560/).
[2019.06.08-07.26.24:903][  0]LogShaderCompilers: Cleaned the shader compiler working directory 'C:/Users/danal/AppData/Local/Temp/UnrealShaderWorkingDir/A14109F247B09E73D68D22BBD02998CE/'.
[2019.06.08-07.26.24:908][  0]LogXGEController: Cannot use XGE Controller as Incredibuild is not installed on this machine.
[2019.06.08-07.26.24:908][  0]LogShaderCompilers: Cannot use XGE Shader Compiler as Incredibuild is not installed on this machine.
[2019.06.08-07.26.24:908][  0]LogShaderCompilers: Display: Using Local Shader Compiler.
[2019.06.08-07.26.27:212][  0]LogDerivedDataCache: Display: Max Cache Size: 512 MB
[2019.06.08-07.26.27:310][  0]LogDerivedDataCache: Loaded boot cache 0.10s 71MB C:/Users/danal/AppData/Local/UnrealEngine/4.22/DerivedDataCache/Boot.ddc.
[2019.06.08-07.26.27:310][  0]LogDerivedDataCache: Display: Loaded Boot cache: C:/Users/danal/AppData/Local/UnrealEngine/4.22/DerivedDataCache/Boot.ddc
[2019.06.08-07.26.27:310][  0]LogDerivedDataCache: FDerivedDataBackendGraph:  Pak pak cache file D:/Energy/Joc fara nivel/Energy/DerivedDataCache/DDC.ddp not found, will not use a pak cache.
[2019.06.08-07.26.27:310][  0]LogDerivedDataCache: Unable to find inner node Pak for hierarchical cache Hierarchy.
[2019.06.08-07.26.27:310][  0]LogDerivedDataCache: FDerivedDataBackendGraph:  CompressedPak pak cache file D:/Energy/Joc fara nivel/Energy/DerivedDataCache/Compressed.ddp not found, will not use a pak cache.
[2019.06.08-07.26.27:310][  0]LogDerivedDataCache: Unable to find inner node CompressedPak for hierarchical cache Hierarchy.
[2019.06.08-07.26.27:332][  0]LogDerivedDataCache: Display: Pak cache opened for reading ../../../Engine/DerivedDataCache/Compressed.ddp.
[2019.06.08-07.26.27:332][  0]LogDerivedDataCache: FDerivedDataBackendGraph:  EnterprisePak pak cache file ../../../Enterprise/DerivedDataCache/Compressed.ddp not found, will not use a pak cache.
[2019.06.08-07.26.27:332][  0]LogDerivedDataCache: Unable to find inner node EnterprisePak for hierarchical cache Hierarchy.
[2019.06.08-07.26.27:345][  0]LogDerivedDataCache: Using Local data cache path C:/Users/danal/AppData/Local/UnrealEngine/Common/DerivedDataCache: Writable
[2019.06.08-07.26.27:345][  0]LogDerivedDataCache: Shared data cache path not found in *engine.ini, will not use an Shared cache.
[2019.06.08-07.26.27:345][  0]LogDerivedDataCache: Unable to find inner node Shared for hierarchical cache Hierarchy.
[2019.06.08-07.26.27:378][  0]LogMaterial: Verifying Global Shaders for PCD3D_SM5
[2019.06.08-07.26.27:379][  0]LogSlate: Using FreeType 2.6.0
[2019.06.08-07.26.27:395][  0]LogSlate: SlateFontServices - WITH_FREETYPE: 1, WITH_HARFBUZZ: 1
[2019.06.08-07.26.27:507][  0]LogAssetRegistry: FAssetRegistry took 0.0382 seconds to start up
[2019.06.08-07.26.28:045][  0]LogInit: Selected Device Profile: [Windows]
[2019.06.08-07.26.28:363][  0]LogMeshReduction: Using QuadricMeshReduction for automatic static mesh reduction
[2019.06.08-07.26.28:363][  0]LogMeshReduction: Using SimplygonMeshReduction for automatic skeletal mesh reduction
[2019.06.08-07.26.28:363][  0]LogMeshReduction: Using ProxyLODMeshReduction for automatic mesh merging
[2019.06.08-07.26.28:363][  0]LogMeshReduction: No distributed automatic mesh merging module available
[2019.06.08-07.26.28:363][  0]LogMeshMerging: No distributed automatic mesh merging module available
[2019.06.08-07.26.28:402][  0]LogNetVersion: Energy 1.0.0, NetCL: 5660361, EngineNetVer: 10, GameNetVer: 0 (Checksum: 2657612358)
[2019.06.08-07.26.29:866][  0]LogPackageLocalizationCache: Processed 10 localized package path(s) for 1 prioritized culture(s) in 0.108088 seconds
[2019.06.08-07.26.29:884][  0]LogUObjectArray: 42205 objects as part of root set at end of initial load.
[2019.06.08-07.26.29:884][  0]LogUObjectAllocator: 7325032 out of 0 bytes used by permanent object pool.
[2019.06.08-07.26.29:884][  0]LogUObjectArray: CloseDisregardForGC: 0/0 objects in disregard for GC pool
[2019.06.08-07.26.31:177][  0]LogTcpMessaging: Initializing TcpMessaging bridge
[2019.06.08-07.26.31:191][  0]LogUdpMessaging: Initializing bridge on interface 0.0.0.0:0 to multicast group 230.0.0.1:6666.
[2019.06.08-07.26.31:323][  0]SourceControl: Source control is disabled
[2019.06.08-07.26.31:323][  0]SourceControl: Source control is disabled
[2019.06.08-07.26.31:326][  0]SourceControl: Source control is disabled
[2019.06.08-07.26.31:327][  0]SourceControl: Source control is disabled
[2019.06.08-07.26.31:338][  0]LogVSAccessor: Display: Unable to create Visual Studio setup instance: 80040154
[2019.06.08-07.26.31:339][  0]LogVSAccessor: Display: Unable to create Visual Studio setup instance: 80040154
[2019.06.08-07.26.31:442][  0]LogAndroidPermission: UAndroidPermissionCallbackProxy::GetInstance
[2019.06.08-07.26.31:537][  0]LogOcInput: OculusInput pre-init called
[2019.06.08-07.26.32:472][  0]LogEngine: Initializing Engine...
[2019.06.08-07.26.32:474][  0]LogHMD: Failed to initialize OpenVR with code 110
[2019.06.08-07.26.32:475][  0]LogStats: UGameplayTagsManager::InitializeManager -  0.000 s
[2019.06.08-07.26.32:801][  0]LogInit: Initializing FReadOnlyCVARCache
[2019.06.08-07.26.32:839][  0]LogAIModule: Creating AISystem for world Untitled
[2019.06.08-07.26.32:852][  0]LogInit: XAudio2 using 'Speakers (Realtek High Definition Audio)' : 2 channels at 48 kHz using 32 bits per sample (channel mask 0x3)
[2019.06.08-07.26.33:044][  0]LogInit: FAudioDevice initialized.
[2019.06.08-07.26.33:044][  0]LogNetVersion: Set ProjectVersion to 1.0.0.0. Version Checksum will be recalculated on next use.
[2019.06.08-07.26.33:585][  0]LogDerivedDataCache: Saved boot cache 0.54s 71MB C:/Users/danal/AppData/Local/UnrealEngine/4.22/DerivedDataCache/Boot.ddc.
[2019.06.08-07.26.33:604][  0]LogInit: Texture streaming: Enabled
[2019.06.08-07.26.33:638][  0]LogEngineSessionManager: EngineSessionManager initialized
[2019.06.08-07.26.33:706][  0]LogInit: Transaction tracking system initialized
[2019.06.08-07.26.33:758][  0]BlueprintLog: New page: Editor Load
[2019.06.08-07.26.33:925][  0]LocalizationService: Localization service is disabled
[2019.06.08-07.26.34:124][  0]LogVSAccessor: Display: Unable to create Visual Studio setup instance: 80040154
[2019.06.08-07.26.34:125][  0]LogVSAccessor: Display: Unable to create Visual Studio setup instance: 80040154
[2019.06.08-07.26.34:781][  0]LogCook: Display: Max memory allowance for cook 16384mb min free memory 0mb
[2019.06.08-07.26.34:781][  0]LogCook: Display: Mobile HDR setting 1
[2019.06.08-07.26.35:092][  0]LogFileCache: Scanning file cache for directory 'D:/Energy/Joc fara nivel/Energy/Content/' took 0.18s
[2019.06.08-07.26.35:092][  0]SourceControl: Source control is disabled
[2019.06.08-07.26.35:092][  0]Cmd: MAP LOAD FILE="D:/Energy/Joc fara nivel/Energy/Content/2DSideScrollerBP/Maps/2DSideScrollerExampleMap.umap" TEMPLATE=0 SHOWPROGRESS=1 FEATURELEVEL=3
[2019.06.08-07.26.35:190][  0]LightingResults: New page: Lighting Build
[2019.06.08-07.26.35:196][  0]MapCheck: New page: Map Check
[2019.06.08-07.26.35:196][  0]LightingResults: New page: Lighting Build
[2019.06.08-07.26.35:223][  0]LogUObjectHash: Compacting FUObjectHashTables data took   2.66ms
[2019.06.08-07.26.39:041][  0]LogBlueprint: Warning: [Compiler PersistentLevel.2DSideScrollerExampleMap] '2DSide Scroller Character' does not inherit from 'Primitive Component' ( Cast To 2DSideScrollerCharacter  would always fail).
[2019.06.08-07.26.39:047][  0]LogBlueprint: Warning: [Compiler PersistentLevel.2DSideScrollerExampleMap] [0024.84] Compile of PersistentLevel.2DSideScrollerExampleMap successful, but with 1 Warning(s) [in 62 ms] (/Game/2DSideScrollerBP/Maps/2DSideScrollerExampleMap.2DSideScrollerExampleMap:PersistentLevel.2DSideScrollerExampleMap)
[2019.06.08-07.26.54:604][  0]LogTexture: Display: Building textures: Bec_Idle_03 (AutoDXT, 2100X2100)
[2019.06.08-07.26.54:604][  0]LogTexture: Display: Building textures: Bec_Idle_04 (AutoDXT, 2100X2100)
[2019.06.08-07.26.54:604][  0]LogTexture: Display: Building textures: Platforma_01 (AutoDXT, 2100X2100)
[2019.06.08-07.26.54:604][  0]LogTexture: Display: Building textures: Bec_Idle_02 (AutoDXT, 2100X2100)
[2019.06.08-07.26.54:604][  0]LogTexture: Display: Building textures: 7 (AutoDXT, 852X480)
[2019.06.08-07.26.54:604][  0]LogTexture: Display: Building textures: Zid (AutoDXT, 1920X1080)
[2019.06.08-07.26.54:604][  0]LogTexture: Display: Building textures: coloane (AutoDXT, 1920X1080)
[2019.06.08-07.26.54:604][  0]LogTexture: Display: Building textures: Mers_08 (AutoDXT, 3600X3600)
[2019.06.08-07.26.54:604][  0]LogTexture: Display: Building textures: Mers_07 (AutoDXT, 3600X3600)
[2019.06.08-07.26.54:604][  0]LogTexture: Display: Building textures: Mers_06 (AutoDXT, 3600X3600)
[2019.06.08-07.26.54:604][  0]LogTexture: Display: Building textures: Mers_05 (AutoDXT, 3600X3600)
[2019.06.08-07.26.54:604][  0]LogTexture: Display: Building textures: Mers_04 (AutoDXT, 3600X3600)
[2019.06.08-07.26.54:604][  0]LogTexture: Display: Building textures: Mers_03 (AutoDXT, 3600X3600)
[2019.06.08-07.26.54:604][  0]LogTexture: Display: Building textures: Mers_02 (AutoDXT, 3600X3600)
[2019.06.08-07.26.54:604][  0]LogTexture: Display: Building textures: Mers_01 (AutoDXT, 3600X3600)
[2019.06.08-07.26.54:604][  0]LogTexture: Display: Building textures: Forward_006 (AutoDXT, 2100X2100)
[2019.06.08-07.26.54:604][  0]LogTexture: Display: Building textures: Forward_005 (AutoDXT, 2100X2100)
[2019.06.08-07.26.54:604][  0]LogTexture: Display: Building textures: Forward_004 (AutoDXT, 2100X2100)
[2019.06.08-07.26.54:604][  0]LogTexture: Display: Building textures: Forward_003 (AutoDXT, 2100X2100)
[2019.06.08-07.26.54:604][  0]LogTexture: Display: Building textures: Forward_002 (AutoDXT, 2100X2100)
[2019.06.08-07.26.54:604][  0]LogTexture: Display: Building textures: Forward_001 (AutoDXT, 2100X2100)
[2019.06.08-07.26.54:604][  0]LogTexture: Display: Building textures: Jump_05_06 (AutoDXT, 2100X2100)
[2019.06.08-07.26.54:604][  0]LogTexture: Display: Building textures: Jump_04_07 (AutoDXT, 2100X2100)
[2019.06.08-07.26.54:604][  0]LogTexture: Display: Building textures: Jump_03_08 (AutoDXT, 2100X2100)
[2019.06.08-07.26.54:604][  0]LogTexture: Display: Building textures: Jump_02_09 (AutoDXT, 2100X2100)
[2019.06.08-07.26.54:604][  0]LogTexture: Display: Building textures: Jump_01 (AutoDXT, 2100X2100)
[2019.06.08-07.26.54:604][  0]LogTexture: Display: Building textures: Bec_Idle_08 (AutoDXT, 2100X2100)
[2019.06.08-07.26.54:605][  0]LogTexture: Display: Building textures: Bec_Idle_07 (AutoDXT, 2100X2100)
[2019.06.08-07.26.54:605][  0]LogTexture: Display: Building textures: Bec_Idle_06 (AutoDXT, 2100X2100)
[2019.06.08-07.26.54:605][  0]LogTexture: Display: Building textures: Bec_Idle_05 (AutoDXT, 2100X2100)
[2019.06.08-07.26.54:605][  0]LogTexture: Display: Building textures: Bec_Idle_01 (AutoDXT, 2100X2100)
[2019.06.08-07.26.54:626][  0]LogAIModule: Creating AISystem for world 2DSideScrollerExampleMap
[2019.06.08-07.26.54:682][  0]LogEditorServer: Finished looking for orphan Actors (0.000 secs)
[2019.06.08-07.26.54:734][  0]LogUObjectHash: Compacting FUObjectHashTables data took   3.29ms
[2019.06.08-07.26.54:734][  0]Cmd: MAP CHECKDEP NOCLEARLOG
[2019.06.08-07.26.54:734][  0]MapCheck: Map check complete: 0 Error(s), 0 Warning(s), took 0.124ms to complete.
[2019.06.08-07.26.54:734][  0]LogFileHelpers: Loading map '2DSideScrollerExampleMap' took 19.642
[2019.06.08-07.26.55:943][  0]LogSlate: Updating window title bar state: overlay mode, drag disabled, window buttons hidden, title bar hidden
[2019.06.08-07.26.55:963][  0]LogSlate: Updating window title bar state: overlay mode, drag disabled, window buttons hidden, title bar hidden
[2019.06.08-07.26.55:975][  0]LogSlate: Updating window title bar state: overlay mode, drag disabled, window buttons hidden, title bar hidden
[2019.06.08-07.26.55:988][  0]LogSlate: Updating window title bar state: overlay mode, drag disabled, window buttons hidden, title bar hidden
[2019.06.08-07.26.56:177][  0]LogCollectionManager: Loaded 0 collections in 0.004015 seconds
[2019.06.08-07.26.56:931][  0]LogFileCache: Scanning file cache for directory 'D:/Energy/Joc fara nivel/Energy/Saved/Collections/' took 0.01s
[2019.06.08-07.26.56:931][  0]LogFileCache: Scanning file cache for directory 'D:/Energy/Joc fara nivel/Energy/Content/Developers/danal/Collections/' took 0.01s
[2019.06.08-07.26.56:931][  0]LogFileCache: Scanning file cache for directory 'D:/Energy/Joc fara nivel/Energy/Content/Collections/' took 0.00s
[2019.06.08-07.26.56:931][  0]LogCollectionManager: Rebuilt the GUID cache for 0 collections in 0.000000 seconds
[2019.06.08-07.26.57:009][  0]LogContentBrowser: Native class hierarchy populated in 0.0414 seconds. Added 2732 classes and 659 folders.
[2019.06.08-07.26.57:258][  0]LogContentBrowser: Native class hierarchy updated for 'WidgetCarousel' in 0.0003 seconds. Added 0 classes and 0 folders.
[2019.06.08-07.26.57:364][  0]LogPakFile: Registered encryption key '00000000000000000000000000000000': 0 pak files mounted, 0 remain pending
[2019.06.08-07.26.57:444][  0]LogPakFile: Registered encryption key '00000000000000000000000000000000': 0 pak files mounted, 0 remain pending
[2019.06.08-07.26.57:524][  0]LogPakFile: Registered encryption key '00000000000000000000000000000000': 0 pak files mounted, 0 remain pending
[2019.06.08-07.26.57:584][  0]LogPakFile: Registered encryption key '00000000000000000000000000000000': 0 pak files mounted, 0 remain pending
[2019.06.08-07.26.57:619][  0]LogPakFile: Registered encryption key '00000000000000000000000000000000': 0 pak files mounted, 0 remain pending
[2019.06.08-07.26.57:649][  0]LogPakFile: Registered encryption key '00000000000000000000000000000000': 0 pak files mounted, 0 remain pending
[2019.06.08-07.26.57:715][  0]LogPakFile: Registered encryption key '00000000000000000000000000000000': 0 pak files mounted, 0 remain pending
[2019.06.08-07.26.57:867][  0]LogPakFile: Registered encryption key '00000000000000000000000000000000': 0 pak files mounted, 0 remain pending
[2019.06.08-07.26.57:986][  0]LogPakFile: Registered encryption key '00000000000000000000000000000000': 0 pak files mounted, 0 remain pending
[2019.06.08-07.26.58:194][  0]LogPakFile: Registered encryption key '00000000000000000000000000000000': 0 pak files mounted, 0 remain pending
[2019.06.08-07.26.58:207][  0]LogPakFile: Registered encryption key '00000000000000000000000000000000': 0 pak files mounted, 0 remain pending
[2019.06.08-07.26.58:226][  0]LogPakFile: Registered encryption key '00000000000000000000000000000000': 0 pak files mounted, 0 remain pending
[2019.06.08-07.26.58:257][  0]LogPakFile: Registered encryption key '00000000000000000000000000000000': 0 pak files mounted, 0 remain pending
[2019.06.08-07.26.58:290][  0]LogPakFile: Registered encryption key '00000000000000000000000000000000': 0 pak files mounted, 0 remain pending
[2019.06.08-07.26.58:315][  0]LogPakFile: Registered encryption key '00000000000000000000000000000000': 0 pak files mounted, 0 remain pending
[2019.06.08-07.26.58:321][  0]LogPakFile: Registered encryption key '00000000000000000000000000000000': 0 pak files mounted, 0 remain pending
[2019.06.08-07.26.58:388][  0]LogPakFile: Registered encryption key '00000000000000000000000000000000': 0 pak files mounted, 0 remain pending
[2019.06.08-07.26.58:415][  0]LogPakFile: Registered encryption key '00000000000000000000000000000000': 0 pak files mounted, 0 remain pending
[2019.06.08-07.26.58:434][  0]LogPakFile: Registered encryption key '00000000000000000000000000000000': 0 pak files mounted, 0 remain pending
[2019.06.08-07.26.58:463][  0]LogPakFile: Registered encryption key '00000000000000000000000000000000': 0 pak files mounted, 0 remain pending
[2019.06.08-07.26.58:471][  0]LogPakFile: Registered encryption key '00000000000000000000000000000000': 0 pak files mounted, 0 remain pending
[2019.06.08-07.26.58:478][  0]LogPakFile: Registered encryption key '00000000000000000000000000000000': 0 pak files mounted, 0 remain pending
[2019.06.08-07.26.58:485][  0]LogPakFile: Registered encryption key '00000000000000000000000000000000': 0 pak files mounted, 0 remain pending
[2019.06.08-07.26.58:493][  0]LogPakFile: Registered encryption key '00000000000000000000000000000000': 0 pak files mounted, 0 remain pending
[2019.06.08-07.26.58:516][  0]LogPakFile: Registered encryption key '00000000000000000000000000000000': 0 pak files mounted, 0 remain pending
[2019.06.08-07.26.58:524][  0]LogPakFile: Registered encryption key '00000000000000000000000000000000': 0 pak files mounted, 0 remain pending
[2019.06.08-07.27.01:021][  0]LogContentBrowser: Native class hierarchy updated for 'AddContentDialog' in 0.0003 seconds. Added 0 classes and 0 folders.
[2019.06.08-07.27.01:259][  0]LogContentBrowser: Native class hierarchy updated for 'SceneOutliner' in 0.0004 seconds. Added 1 classes and 2 folders.
[2019.06.08-07.27.02:735][  0]LogSlate: Took 0.000473 seconds to synchronously load lazily loaded font '../../../Engine/Content/Slate/Fonts/Roboto-Regular.ttf' (155K)
[2019.06.08-07.27.02:746][  0]LogSlate: Took 0.000370 seconds to synchronously load lazily loaded font '../../../Engine/Content/Slate/Fonts/Roboto-Bold.ttf' (160K)
[2019.06.08-07.27.02:812][  0]LogSlate: Took 0.022554 seconds to synchronously load lazily loaded font '../../../Engine/Content/Editor/Slate/Fonts/FontAwesome.ttf' (139K)
[2019.06.08-07.27.03:526][  0]LogRenderer: Reallocating scene render targets to support 856x372 Format 10 NumSamples 1 (Frame:1).
[2019.06.08-07.27.03:884][  0]LogSlate: Took 0.023067 seconds to synchronously load lazily loaded font '../../../Engine/Content/Slate/Fonts/Roboto-Light.ttf' (167K)
[2019.06.08-07.27.04:161][  0]LogSlate: FSceneViewport::OnFocusLost() reason 2
[2019.06.08-07.27.04:417][  0]LogSlate: Window 'Tutorials' being destroyed
[2019.06.08-07.27.04:453][  0]LogContentBrowser: Native class hierarchy updated for 'HierarchicalLODOutliner' in 0.0003 seconds. Added 0 classes and 0 folders.
[2019.06.08-07.27.04:453][  0]LogLoad: (Engine Initialization) Total time: 50.25 seconds
[2019.06.08-07.27.04:453][  0]LogLoad: (Engine Initialization) Total Blueprint compile time: 0.00 seconds
[2019.06.08-07.27.04:473][  0]LogWindowsTextInputMethodSystem: Display: IME system now deactivated.
[2019.06.08-07.27.04:676][  0]LogContentStreaming: Texture pool size now 1000 MB
[2019.06.08-07.27.06:462][  2]LogD3D11RHI: Timed out while waiting for GPU to catch up. (2.0 s)
[2019.06.08-07.27.06:462][  2]LogTemp: Display: Unable to get render query result on a platform supporting RQT_AbsoluteTime queries, defaulting to 5 iterations for LongGPUTask
[2019.06.08-07.27.07:053][  3]LogD3D11RHI: Timed out while waiting for GPU to catch up. (0.5 s)
[2019.06.08-07.27.07:539][  4]LogD3D11RHI: Timed out while waiting for GPU to catch up. (0.5 s)
[2019.06.08-07.27.07:787][  5]LogD3D11RHI: Error: Result failed 
 at D:\Build\++UE4\Sync\Engine\Source\Runtime\Windows\D3D11RHI\Private\D3D11Query.cpp:296 
 with error DXGI_ERROR_DEVICE_REMOVED DXGI_ERROR_DEVICE_HUNG
[2019.06.08-07.27.07:787][  5]LogD3D11RHI: [Aftermath] GDynamicRHI=0000014F507600C0, GDX11NVAfterMathEnabled=0, Result=0xFFFFFFFF, bDeviceActive=0
[2019.06.08-07.27.07:787][  5]LogWindows: Windows GetLastError: The operation completed successfully. (0)
[2019.06.08-07.27.10:008][  5]LogThreadingWindows: Error: Runnable thread RenderThread 1 crashed.
[2019.06.08-07.27.10:008][  5]LogWindows: Error: === Critical error: ===
[2019.06.08-07.27.10:008][  5]LogWindows: Error: 
[2019.06.08-07.27.10:009][  5]LogWindows: Error: Fatal error: [File:D:\Build\++UE4\Sync\Engine\Source\Runtime\Windows\D3D11RHI\Private\D3D11Util.cpp] [Line: 198] 
[2019.06.08-07.27.10:009][  5]LogWindows: Error: Unreal Engine is exiting due to D3D device being lost. (Error: 0x887A0006 - 'HUNG')
[2019.06.08-07.27.10:009][  5]LogWindows: Error: 
[2019.06.08-07.27.10:009][  5]LogWindows: Error: 
[2019.06.08-07.27.10:009][  5]LogWindows: Error: Unhandled Exception: 0x00008000
[2019.06.08-07.27.10:009][  5]LogWindows: Error: 
[2019.06.08-07.27.10:009][  5]LogWindows: Error: [Callstack] 0x00007ffd3a60a388 KERNELBASE.dll!UnknownFunction []
[2019.06.08-07.27.10:009][  5]LogWindows: Error: [Callstack] 0x00007ffd21163637 UE4Editor-Core.dll!UnknownFunction []
[2019.06.08-07.27.10:009][  5]LogWindows: Error: [Callstack] 0x00007ffd211646b0 UE4Editor-Core.dll!UnknownFunction []
[2019.06.08-07.27.10:009][  5]LogWindows: Error: [Callstack] 0x00007ffd20f77cea UE4Editor-Core.dll!UnknownFunction []
[2019.06.08-07.27.10:009][  5]LogWindows: Error: [Callstack] 0x00007ffd20effe07 UE4Editor-Core.dll!UnknownFunction []
[2019.06.08-07.27.10:009][  5]LogWindows: Error: [Callstack] 0x00007ffce02d2a23 UE4Editor-D3D11RHI.dll!UnknownFunction []
[2019.06.08-07.27.10:009][  5]LogWindows: Error: [Callstack] 0x00007ffce02d629e UE4Editor-D3D11RHI.dll!UnknownFunction []
[2019.06.08-07.27.10:009][  5]LogWindows: Error: [Callstack] 0x00007ffce02b1228 UE4Editor-D3D11RHI.dll!UnknownFunction []
[2019.06.08-07.27.10:009][  5]LogWindows: Error: [Callstack] 0x00007ffce02c48ad UE4Editor-D3D11RHI.dll!UnknownFunction []
[2019.06.08-07.27.10:009][  5]LogWindows: Error: [Callstack] 0x00007ffd20a5e8e0 UE4Editor-RHI.dll!UnknownFunction []
[2019.06.08-07.27.10:009][  5]LogWindows: Error: [Callstack] 0x00007ffd20a5e4c4 UE4Editor-RHI.dll!UnknownFunction []
[2019.06.08-07.27.10:009][  5]LogWindows: Error: [Callstack] 0x00007ffd20a5f444 UE4Editor-RHI.dll!UnknownFunction []
[2019.06.08-07.27.10:009][  5]LogWindows: Error: [Callstack] 0x00007ffd20a56bb4 UE4Editor-RHI.dll!UnknownFunction []
[2019.06.08-07.27.10:009][  5]LogWindows: Error: [Callstack] 0x00007ffce005769b UE4Editor-SlateRHIRenderer.dll!UnknownFunction []
[2019.06.08-07.27.10:009][  5]LogWindows: Error: [Callstack] 0x00007ffce005e220 UE4Editor-SlateRHIRenderer.dll!UnknownFunction []
[2019.06.08-07.27.10:009][  5]LogWindows: Error: [Callstack] 0x00007ffd20d822d8 UE4Editor-Core.dll!UnknownFunction []
[2019.06.08-07.27.10:009][  5]LogWindows: Error: [Callstack] 0x00007ffd20d82563 UE4Editor-Core.dll!UnknownFunction []
[2019.06.08-07.27.10:009][  5]LogWindows: Error: [Callstack] 0x00007ffd20bb59f1 UE4Editor-RenderCore.dll!UnknownFunction []
[2019.06.08-07.27.10:009][  5]LogWindows: Error: [Callstack] 0x00007ffd20bbc184 UE4Editor-RenderCore.dll!UnknownFunction []
[2019.06.08-07.27.10:009][  5]LogWindows: Error: [Callstack] 0x00007ffd21174b0f UE4Editor-Core.dll!UnknownFunction []
[2019.06.08-07.27.10:009][  5]LogWindows: Error: [Callstack] 0x00007ffd21170877 UE4Editor-Core.dll!UnknownFunction []
[2019.06.08-07.27.10:009][  5]LogWindows: Error: [Callstack] 0x00007ffd3da44034 KERNEL32.DLL!UnknownFunction []
[2019.06.08-07.27.10:009][  5]LogWindows: Error: [Callstack] 0x00007ffd3e173691 ntdll.dll!UnknownFunction []
[2019.06.08-07.27.10:009][  5]LogWindows: Error: 
[2019.06.08-07.27.10:009][  5]LogWindows: Error: Crash in runnable thread RenderThread 1
[2019.06.08-07.27.10:054][  5]LogOutputDevice: Warning: 

Script Stack (0 frames):

[2019.06.08-07.27.10:054][  5]LogWindows: Windows GetLastError: The operation completed successfully. (0)
[2019.06.08-07.27.10:054][  5]LogWindows: Error: HandleError re-entered.
[2019.06.08-07.27.10:054][  5]LogWindows: FPlatformMisc::RequestExit(1)
[2019.06.08-07.27.10:099][  5]Log file closed, 06/08/19 10:27:10
